<?xml version="1.0" encoding="UTF-8"?>
<!-- Generated by org.testng.reporters.JUnitReportReporter -->
<testsuite skipped="0" hostname="DESKTOP-LQALKRN" name="testcases.TC001_Login" tests="2" failures="0" timestamp="12 Jul 2017 10:10:26 GMT" time="108.092" errors="0">
  <testcase name="login" time="72.230" classname="testcases.TC001_Login"/>
  <testcase name="login" time="35.862" classname="testcases.TC001_Login"/>
</testsuite> <!-- testcases.TC001_Login -->
