<?xml version="1.0" encoding="UTF-8"?>
<!-- Generated by org.testng.reporters.JUnitReportReporter -->
<testsuite skipped="0" hostname="DESKTOP-LQALKRN" name="testcases.TC0003Createleadnegative" tests="2" failures="0" timestamp="03 Jul 2017 01:15:42 GMT" time="55.306" errors="0">
  <testcase name="login" time="31.192" classname="testcases.TC0003Createleadnegative"/>
  <testcase name="login" time="24.114" classname="testcases.TC0003Createleadnegative"/>
</testsuite> <!-- testcases.TC0003Createleadnegative -->
