<?xml version="1.0" encoding="UTF-8"?>
<!-- Generated by org.testng.reporters.JUnitReportReporter -->
<testsuite skipped="0" hostname="DESKTOP-LQALKRN" name="testcases.Tc002loginFAILURE" tests="4" failures="0" timestamp="03 Jul 2017 01:15:42 GMT" time="63.256" errors="0">
  <testcase name="login" time="10.409" classname="testcases.Tc002loginFAILURE"/>
  <testcase name="login" time="12.007" classname="testcases.Tc002loginFAILURE"/>
  <testcase name="login" time="29.655" classname="testcases.Tc002loginFAILURE"/>
  <testcase name="login" time="11.185" classname="testcases.Tc002loginFAILURE"/>
</testsuite> <!-- testcases.Tc002loginFAILURE -->
