<?xml version="1.0" encoding="UTF-8"?>
<!-- Generated by org.testng.reporters.JUnitReportReporter -->
<testsuite skipped="0" hostname="DESKTOP-LQALKRN" name="testcases.Tc001Mergelead" tests="1" failures="0" timestamp="02 Jul 2017 04:38:06 GMT" time="50.228" errors="0">
  <testcase name="login" time="50.228" classname="testcases.Tc001Mergelead"/>
</testsuite> <!-- testcases.Tc001Mergelead -->
